[+] Containers:
 |- [+] Container: /Game/ThirdPerson/Maps/ThirdPersonMap
 |   |- [+] ActorDescs:
 |   |   |- Guid:06430A324C27CD8EEA825EAC23551DF8 BaseClass:/Game/Blueprints/checkpoint_info.checkpoint_info_C NativeClass:/Script/Engine.Actor Name:checkpoint_info_C_UAID_00BE43BBA6AF4E6001_2049692277 Label:checkpoint_info SpatiallyLoaded:1 Bounds:IsValid=true, Min=(X=524.465 Y=-562.770 Z=-148.223), Max=(X=740.465 Y=-40.770 Z=-124.223) RuntimeGrid:None EditorOnly:0 RuntimeOnly:0 HLODRelevant:0
 |   |   |- Guid:0732160A424F8EABE25CBD96A0A909C7 BaseClass:/Game/Blueprints/spikes.spikes_C NativeClass:/Script/Engine.Actor Name:spikes_C_UAID_00BE43BBA6AF516001_1560320800 Label:spikes9 SpatiallyLoaded:1 Bounds:IsValid=true, Min=(X=3434.054 Y=-317.003 Z=327.317), Max=(X=3534.054 Y=-217.003 Z=433.693) RuntimeGrid:None EditorOnly:0 RuntimeOnly:0 HLODRelevant:0
 |   |   |- Guid:104AD6864782B939437F29BBE294BDD1 BaseClass:/Game/Blueprints/spikes.spikes_C NativeClass:/Script/Engine.Actor Name:spikes_C_UAID_00BE43BBA6AF516001_1555791798 Label:spikes7 SpatiallyLoaded:1 Bounds:IsValid=true, Min=(X=3094.414 Y=-474.725 Z=327.317), Max=(X=3194.414 Y=-374.725 Z=433.693) RuntimeGrid:None EditorOnly:0 RuntimeOnly:0 HLODRelevant:0
 |   |   |- Guid:1942503347146D929B00128E832A7768 BaseClass:/Game/Blueprints/Checkpoint_BP.Checkpoint_BP_C NativeClass:/Script/Engine.Actor Name:Checkpoint_BP_C_UAID_00BE43BBA6AF516001_1710415802 Label:Checkpoint_BP3 SpatiallyLoaded:1 Bounds:IsValid=true, Min=(X=1140.474 Y=-335.720 Z=362.861), Max=(X=1215.474 Y=-260.720 Z=370.861) RuntimeGrid:None EditorOnly:0 RuntimeOnly:0 HLODRelevant:0
 |   |   |- Guid:1AFF9E1C42EC8C5F9EC247BDD3F4A25E BaseClass:/Game/Blueprints/spikes.spikes_C NativeClass:/Script/Engine.Actor Name:spikes_C_UAID_00BE43BBA6AF516001_1516180791 Label:spikes2 SpatiallyLoaded:1 Bounds:IsValid=true, Min=(X=2033.055 Y=-210.917 Z=327.317), Max=(X=2133.055 Y=-110.917 Z=433.693) RuntimeGrid:None EditorOnly:0 RuntimeOnly:0 HLODRelevant:0
 |   |   |- Guid:243DAEC84E2B301473B55BB745C28243 BaseClass:/Game/Blueprints/Checkpoint_BP.Checkpoint_BP_C NativeClass:/Script/Engine.Actor Name:Checkpoint_BP_C_UAID_00BE43BBA6AF516001_1608159801 Label:Checkpoint_BP2 SpatiallyLoaded:1 Bounds:IsValid=true, Min=(X=1140.474 Y=-335.720 Z=362.861), Max=(X=1215.474 Y=-260.720 Z=370.861) RuntimeGrid:None EditorOnly:0 RuntimeOnly:0 HLODRelevant:0
 |   |   |- Guid:2FB58999456391D349DC0F86DAC136ED BaseClass: NativeClass:/Script/Engine.SkyLight Name:SkyLight_1 Label:SkyLight SpatiallyLoaded:0 Bounds:IsValid=true, Min=(X=0.000 Y=0.000 Z=690.000), Max=(X=0.000 Y=0.000 Z=690.000) RuntimeGrid:None EditorOnly:0 RuntimeOnly:0 HLODRelevant:0 FolderPath:Lighting FolderGuid:963EC3EB4002CCE9759E2EBA541A873A
 |   |   |- Guid:3072F2924E7CF55ECCC9D3BC11DDFAFF BaseClass:/Game/Blueprints/spikes.spikes_C NativeClass:/Script/Engine.Actor Name:spikes_C_UAID_00BE43BBA6AF516001_1554091797 Label:spikes6 SpatiallyLoaded:1 Bounds:IsValid=true, Min=(X=2934.578 Y=-213.239 Z=327.317), Max=(X=3034.578 Y=-113.239 Z=433.693) RuntimeGrid:None EditorOnly:0 RuntimeOnly:0 HLODRelevant:0
 |   |   |- Guid:316CF2A6494ACA4C0E4180A87D36AB8F BaseClass: NativeClass:/Script/Engine.ExponentialHeightFog Name:ExponentialHeightFog_0 Label:ExponentialHeightFog SpatiallyLoaded:0 Bounds:IsValid=true, Min=(X=-5600.000 Y=-50.000 Z=-6850.000), Max=(X=-5600.000 Y=-50.000 Z=-6850.000) RuntimeGrid:None EditorOnly:0 RuntimeOnly:0 HLODRelevant:0 FolderPath:Lighting FolderGuid:963EC3EB4002CCE9759E2EBA541A873A
 |   |   |- Guid:3A00AA1C422CE54C0BDB60BAF471BFBB BaseClass: NativeClass:/Script/Engine.PlayerStart Name:PlayerStart_0 Label:PlayerStart SpatiallyLoaded:0 Bounds:IsValid=true, Min=(X=-340.352 Y=-356.104 Z=-127.892), Max=(X=-260.352 Y=-276.104 Z=56.108) RuntimeGrid:None EditorOnly:0 RuntimeOnly:0 HLODRelevant:0
 |   |   |- Guid:4D3BE93F4146AAAC8BBE79999D96D57F BaseClass: NativeClass:/Script/Engine.VolumetricCloud Name:VolumetricCloud_0 Label:VolumetricCloud SpatiallyLoaded:0 Bounds:IsValid=true, Min=(X=0.000 Y=0.000 Z=820.000), Max=(X=0.000 Y=0.000 Z=820.000) RuntimeGrid:None EditorOnly:0 RuntimeOnly:0 HLODRelevant:0 FolderPath:Lighting FolderGuid:963EC3EB4002CCE9759E2EBA541A873A
 |   |   |- Guid:50510DA14574A6F0FD1539BA1C191F99 BaseClass:/Game/Blueprints/Winpoint_BP.Winpoint_BP_C NativeClass:/Script/Engine.Actor Name:Winpoint_BP_C_UAID_00BE43BBA6AF4E6001_1432163274 Label:Winpoint_BP SpatiallyLoaded:1 Bounds:IsValid=true, Min=(X=3757.978 Y=-348.483 Z=362.292), Max=(X=3832.978 Y=-273.483 Z=370.292) RuntimeGrid:None EditorOnly:0 RuntimeOnly:0 HLODRelevant:0
 |   |   |- Guid:50D1AA02454DB88AAF640FA4F74D5A5E BaseClass: NativeClass:/Script/Engine.StaticMeshActor Name:StaticMeshActor_UAID_00BE43BBA6AF496001_1351894385 Label:SM_Cube3 SpatiallyLoaded:1 Bounds:IsValid=true, Min=(X=520.774 Y=-580.000 Z=-190.000), Max=(X=783.274 Y=-30.000 Z=-140.000) RuntimeGrid:None EditorOnly:0 RuntimeOnly:0 HLODRelevant:1 FolderPath:Playground FolderGuid:C73F09FC4215536B1DCE2A9E0A830C70
 |   |   |- Guid:55A1562B42C2229A8D82E1A84669CD5F BaseClass:/Game/Blueprints/winning_info.winning_info_C NativeClass:/Script/Engine.Actor Name:winning_info_C_UAID_00BE43BBA6AF4E6001_1851473275 Label:winning_info SpatiallyLoaded:1 Bounds:IsValid=true, Min=(X=2031.877 Y=-554.826 Z=352.105), Max=(X=2255.877 Y=-32.826 Z=376.105) RuntimeGrid:None EditorOnly:0 RuntimeOnly:0 HLODRelevant:0
 |   |   |- Guid:5941F2EC412E5B23E77B51BAA1D67797 BaseClass:/Game/Blueprints/Checkpoint_BP.Checkpoint_BP_C NativeClass:/Script/Engine.Actor Name:Checkpoint_BP_C_UAID_00BE43BBA6AF496001_1380170386 Label:Checkpoint_BP SpatiallyLoaded:1 Bounds:IsValid=true, Min=(X=606.205 Y=-341.521 Z=-142.083), Max=(X=681.205 Y=-266.521 Z=-134.083) RuntimeGrid:None EditorOnly:0 RuntimeOnly:0 HLODRelevant:0
 |   |   |- Guid:5D7BF6A64CF0871B5AF8E19380284561 BaseClass:/Game/Blueprints/spikes.spikes_C NativeClass:/Script/Engine.Actor Name:spikes_C_UAID_00BE43BBA6AF516001_1552173796 Label:spikes5 SpatiallyLoaded:1 Bounds:IsValid=true, Min=(X=2830.650 Y=-503.464 Z=327.317), Max=(X=2930.650 Y=-403.464 Z=433.693) RuntimeGrid:None EditorOnly:0 RuntimeOnly:0 HLODRelevant:0
 |   |   |- Guid:663AAD2D4912174B01E1E4B71E23DD31 BaseClass: NativeClass:/Script/Engine.StaticMeshActor Name:StaticMeshActor_UAID_00BE43BBA6AF496001_1340037384 Label:SM_Cube2 SpatiallyLoaded:1 Bounds:IsValid=true, Min=(X=-63.416 Y=-580.000 Z=-190.000), Max=(X=199.084 Y=-30.000 Z=-140.000) RuntimeGrid:None EditorOnly:0 RuntimeOnly:0 HLODRelevant:1 FolderPath:Playground FolderGuid:C73F09FC4215536B1DCE2A9E0A830C70
 |   |   |- Guid:6B099CAB4F2D93F899D78ABE61FCF372 BaseClass:/Game/Blueprints/spikes.spikes_C NativeClass:/Script/Engine.Actor Name:spikes_C_UAID_00BE43BBA6AF516001_1557846799 Label:spikes8 SpatiallyLoaded:1 Bounds:IsValid=true, Min=(X=3225.965 Y=-172.807 Z=327.317), Max=(X=3325.965 Y=-72.807 Z=433.693) RuntimeGrid:None EditorOnly:0 RuntimeOnly:0 HLODRelevant:0
 |   |   |- Guid:6BAF4DDD444C60371492D3919DB42C97 BaseClass: NativeClass:/Script/Engine.WorldDataLayers Name:WorldDataLayers Label:WorldDataLayers SpatiallyLoaded:0 Bounds:IsValid=true, Min=(X=0.000 Y=0.000 Z=0.000), Max=(X=0.000 Y=0.000 Z=0.000) RuntimeGrid:None EditorOnly:0 RuntimeOnly:0 HLODRelevant:0
 |   |   |- Guid:8E5168CC4F6D27E0C10201992BF40D69 BaseClass:/Game/Blueprints/spikes.spikes_C NativeClass:/Script/Engine.Actor Name:spikes_C_UAID_00BE43BBA6AF4B6001_1409218742 Label:spikes SpatiallyLoaded:1 Bounds:IsValid=true, Min=(X=5.567 Y=-470.479 Z=-176.788), Max=(X=105.567 Y=-370.479 Z=-70.412) RuntimeGrid:None EditorOnly:0 RuntimeOnly:0 HLODRelevant:0
 |   |   |- Guid:9BCCDC9A4BA113BD99BDE8B944823A36 BaseClass:/Game/Blueprints/spikes.spikes_C NativeClass:/Script/Engine.Actor Name:spikes_C_UAID_00BE43BBA6AF516001_1548146794 Label:spikes3 SpatiallyLoaded:1 Bounds:IsValid=true, Min=(X=2563.842 Y=-186.794 Z=327.317), Max=(X=2663.842 Y=-86.794 Z=433.693) RuntimeGrid:None EditorOnly:0 RuntimeOnly:0 HLODRelevant:0
 |   |   |- Guid:B785ED2844B84CFB91E7F39FE661CD99 BaseClass: NativeClass:/Script/Engine.DirectionalLight Name:DirectionalLight_0 Label:DirectionalLight SpatiallyLoaded:0 Bounds:IsValid=true, Min=(X=-1048576.000 Y=-1048576.000 Z=-1048576.000), Max=(X=1048576.000 Y=1048576.000 Z=1048576.000) RuntimeGrid:None EditorOnly:0 RuntimeOnly:0 HLODRelevant:0 FolderPath:Lighting FolderGuid:963EC3EB4002CCE9759E2EBA541A873A
 |   |   |- Guid:C6E18B9E46B9F51A85E55E85CCB60BF2 BaseClass: NativeClass:/Script/Engine.StaticMeshActor Name:StaticMeshActor_UAID_00BE43BBA6AF4E6001_1414339272 Label:SM_Cube5 SpatiallyLoaded:1 Bounds:IsValid=true, Min=(X=2005.463 Y=-580.000 Z=314.105), Max=(X=2267.963 Y=-30.000 Z=364.105) RuntimeGrid:None EditorOnly:0 RuntimeOnly:0 HLODRelevant:1 FolderPath:Playground FolderGuid:C73F09FC4215536B1DCE2A9E0A830C70
 |   |   |- Guid:C79D399442AE0A8C69A8428824D46639 BaseClass: NativeClass:/Script/Engine.StaticMeshActor Name:StaticMeshActor_UAID_00BE43BBA6AF516001_1534488792 Label:SM_Cube7 SpatiallyLoaded:1 Bounds:IsValid=true, Min=(X=2535.397 Y=-580.000 Z=314.105), Max=(X=3347.897 Y=-30.000 Z=364.105) RuntimeGrid:None EditorOnly:0 RuntimeOnly:0 HLODRelevant:1 FolderPath:Playground FolderGuid:C73F09FC4215536B1DCE2A9E0A830C70
 |   |   |- Guid:CCFF262C46EEFFDF319E7F9539CE697E BaseClass: NativeClass:/Script/Engine.SkyAtmosphere Name:SkyAtmosphere_0 Label:SkyAtmosphere SpatiallyLoaded:0 Bounds:IsValid=true, Min=(X=0.000 Y=0.000 Z=1020.000), Max=(X=0.000 Y=0.000 Z=1020.000) RuntimeGrid:None EditorOnly:0 RuntimeOnly:0 HLODRelevant:0 FolderPath:Lighting FolderGuid:963EC3EB4002CCE9759E2EBA541A873A
 |   |   |- Guid:E80FD2834AC8FC11BDE80B82BD1456DD BaseClass: NativeClass:/Script/Engine.StaticMeshActor Name:StaticMeshActor_UAID_00BE43BBA6AF4E6001_1423088273 Label:SM_Cube6 SpatiallyLoaded:1 Bounds:IsValid=true, Min=(X=3603.246 Y=-580.000 Z=314.105), Max=(X=3865.746 Y=-30.000 Z=364.105) RuntimeGrid:None EditorOnly:0 RuntimeOnly:0 HLODRelevant:1 FolderPath:Playground FolderGuid:C73F09FC4215536B1DCE2A9E0A830C70
 |   |   |- Guid:EC4E0C944CE6AC6E784BC6BB2916EA13 BaseClass: NativeClass:/Script/Engine.StaticMeshActor Name:StaticMeshActor_UAID_A4AE111137DC5EFB00_1110535423 Label:SM_SkySphere SpatiallyLoaded:0 Bounds:IsValid=true, Min=(X=-1638060.000 Y=-1638400.000 Z=-1638400.000), Max=(X=1638740.000 Y=1638400.000 Z=1638400.000) RuntimeGrid:None EditorOnly:0 RuntimeOnly:0 HLODRelevant:1 FolderPath:Lighting FolderGuid:963EC3EB4002CCE9759E2EBA541A873A
 |   |   |- Guid:F1924B8D48954B30891B2DB6A694F9CC BaseClass: NativeClass:/Script/Engine.StaticMeshActor Name:StaticMeshActor_1 Label:SM_Cube SpatiallyLoaded:1 Bounds:IsValid=true, Min=(X=-437.529 Y=-580.000 Z=-190.000), Max=(X=-175.029 Y=-30.000 Z=-140.000) RuntimeGrid:None EditorOnly:0 RuntimeOnly:0 HLODRelevant:1 FolderPath:Playground FolderGuid:C73F09FC4215536B1DCE2A9E0A830C70
 |   |   |- Guid:F5E3FEB3450C49844FD93DA8E083C8AD BaseClass: NativeClass:/Script/Engine.PostProcessVolume Name:PostProcessVolume_0 Label:PostProcessVolume SpatiallyLoaded:0 Bounds:IsValid=true, Min=(X=0.000 Y=0.000 Z=400.000), Max=(X=200.000 Y=200.000 Z=600.000) RuntimeGrid:None EditorOnly:0 RuntimeOnly:0 HLODRelevant:0 FolderPath:Lighting FolderGuid:963EC3EB4002CCE9759E2EBA541A873A
 |   |   |- Guid:F8FF135B4744105828D3F5BD5927C37C BaseClass:/Game/Blueprints/spikes.spikes_C NativeClass:/Script/Engine.Actor Name:spikes_C_UAID_00BE43BBA6AF516001_1550084795 Label:spikes4 SpatiallyLoaded:1 Bounds:IsValid=true, Min=(X=2657.764 Y=-351.992 Z=327.317), Max=(X=2757.764 Y=-251.992 Z=433.693) RuntimeGrid:None EditorOnly:0 RuntimeOnly:0 HLODRelevant:0
 |   |   |- Guid:FB70117C4F907C3F34BB5EAF6BABB5CD BaseClass: NativeClass:/Script/Engine.StaticMeshActor Name:StaticMeshActor_UAID_00BE43BBA6AF496001_1424239388 Label:SM_Cube4 SpatiallyLoaded:1 Bounds:IsValid=true, Min=(X=1031.370 Y=-580.000 Z=314.105), Max=(X=1293.870 Y=-30.000 Z=364.105) RuntimeGrid:None EditorOnly:0 RuntimeOnly:0 HLODRelevant:1 FolderPath:Playground FolderGuid:C73F09FC4215536B1DCE2A9E0A830C70
 |   |   |- Guid:FB8F93624B55C59832FB778E3F1E0A94 BaseClass:/Game/Blueprints/VERT_Moving_Platform_BP1.VERT_Moving_Platform_BP1_C NativeClass:/Script/Engine.Actor Name:VERT_Moving_Platform_BP1_C_UAID_00BE43BBA6AF496001_1419330387 Label:VERT_Moving_Platform_BP1 SpatiallyLoaded:1 Bounds:IsValid=true, Min=(X=823.941 Y=-349.230 Z=-140.000), Max=(X=923.941 Y=-249.230 Z=-127.500) RuntimeGrid:None EditorOnly:0 RuntimeOnly:0 HLODRelevant:0
 |   |   |- Guid:FD3E074C4258D9E1E2C24CBA2BDCECDE BaseClass:/Game/Blueprints/HZ_Moving_Platform_BP.HZ_Moving_Platform_BP_C NativeClass:/Script/Engine.Actor Name:HZ_Moving_Platform_BP_C_UAID_00BE43BBA6AF4E6001_1409642271 Label:HZ_Moving_Platform_BP SpatiallyLoaded:1 Bounds:IsValid=true, Min=(X=1433.210 Y=-357.283 Z=364.105), Max=(X=1533.210 Y=-257.283 Z=376.605) RuntimeGrid:None EditorOnly:0 RuntimeOnly:0 HLODRelevant:0
 |   |- [+] Clusters:
 |   |   |- [+] [  0]
 |   |   |   |- Guid:6BAF4DDD444C60371492D3919DB42C97 BaseClass: NativeClass:/Script/Engine.WorldDataLayers Name:WorldDataLayers Label:WorldDataLayers SpatiallyLoaded:0 Bounds:IsValid=true, Min=(X=0.000 Y=0.000 Z=0.000), Max=(X=0.000 Y=0.000 Z=0.000) RuntimeGrid:None EditorOnly:0 RuntimeOnly:0 HLODRelevant:0
 |   |   |- [+] [  1]
 |   |   |   |- Guid:8E5168CC4F6D27E0C10201992BF40D69 BaseClass:/Game/Blueprints/spikes.spikes_C NativeClass:/Script/Engine.Actor Name:spikes_C_UAID_00BE43BBA6AF4B6001_1409218742 Label:spikes SpatiallyLoaded:1 Bounds:IsValid=true, Min=(X=5.567 Y=-470.479 Z=-176.788), Max=(X=105.567 Y=-370.479 Z=-70.412) RuntimeGrid:None EditorOnly:0 RuntimeOnly:0 HLODRelevant:0
 |   |   |- [+] [  2]
 |   |   |   |- Guid:9BCCDC9A4BA113BD99BDE8B944823A36 BaseClass:/Game/Blueprints/spikes.spikes_C NativeClass:/Script/Engine.Actor Name:spikes_C_UAID_00BE43BBA6AF516001_1548146794 Label:spikes3 SpatiallyLoaded:1 Bounds:IsValid=true, Min=(X=2563.842 Y=-186.794 Z=327.317), Max=(X=2663.842 Y=-86.794 Z=433.693) RuntimeGrid:None EditorOnly:0 RuntimeOnly:0 HLODRelevant:0
 |   |   |- [+] [  3]
 |   |   |   |- Guid:F5E3FEB3450C49844FD93DA8E083C8AD BaseClass: NativeClass:/Script/Engine.PostProcessVolume Name:PostProcessVolume_0 Label:PostProcessVolume SpatiallyLoaded:0 Bounds:IsValid=true, Min=(X=0.000 Y=0.000 Z=400.000), Max=(X=200.000 Y=200.000 Z=600.000) RuntimeGrid:None EditorOnly:0 RuntimeOnly:0 HLODRelevant:0 FolderPath:Lighting FolderGuid:963EC3EB4002CCE9759E2EBA541A873A
 |   |   |- [+] [  4]
 |   |   |   |- Guid:1942503347146D929B00128E832A7768 BaseClass:/Game/Blueprints/Checkpoint_BP.Checkpoint_BP_C NativeClass:/Script/Engine.Actor Name:Checkpoint_BP_C_UAID_00BE43BBA6AF516001_1710415802 Label:Checkpoint_BP3 SpatiallyLoaded:1 Bounds:IsValid=true, Min=(X=1140.474 Y=-335.720 Z=362.861), Max=(X=1215.474 Y=-260.720 Z=370.861) RuntimeGrid:None EditorOnly:0 RuntimeOnly:0 HLODRelevant:0
 |   |   |- [+] [  5]
 |   |   |   |- Guid:3072F2924E7CF55ECCC9D3BC11DDFAFF BaseClass:/Game/Blueprints/spikes.spikes_C NativeClass:/Script/Engine.Actor Name:spikes_C_UAID_00BE43BBA6AF516001_1554091797 Label:spikes6 SpatiallyLoaded:1 Bounds:IsValid=true, Min=(X=2934.578 Y=-213.239 Z=327.317), Max=(X=3034.578 Y=-113.239 Z=433.693) RuntimeGrid:None EditorOnly:0 RuntimeOnly:0 HLODRelevant:0
 |   |   |- [+] [  6]
 |   |   |   |- Guid:1AFF9E1C42EC8C5F9EC247BDD3F4A25E BaseClass:/Game/Blueprints/spikes.spikes_C NativeClass:/Script/Engine.Actor Name:spikes_C_UAID_00BE43BBA6AF516001_1516180791 Label:spikes2 SpatiallyLoaded:1 Bounds:IsValid=true, Min=(X=2033.055 Y=-210.917 Z=327.317), Max=(X=2133.055 Y=-110.917 Z=433.693) RuntimeGrid:None EditorOnly:0 RuntimeOnly:0 HLODRelevant:0
 |   |   |- [+] [  7]
 |   |   |   |- Guid:06430A324C27CD8EEA825EAC23551DF8 BaseClass:/Game/Blueprints/checkpoint_info.checkpoint_info_C NativeClass:/Script/Engine.Actor Name:checkpoint_info_C_UAID_00BE43BBA6AF4E6001_2049692277 Label:checkpoint_info SpatiallyLoaded:1 Bounds:IsValid=true, Min=(X=524.465 Y=-562.770 Z=-148.223), Max=(X=740.465 Y=-40.770 Z=-124.223) RuntimeGrid:None EditorOnly:0 RuntimeOnly:0 HLODRelevant:0
 |   |   |- [+] [  8]
 |   |   |   |- Guid:C79D399442AE0A8C69A8428824D46639 BaseClass: NativeClass:/Script/Engine.StaticMeshActor Name:StaticMeshActor_UAID_00BE43BBA6AF516001_1534488792 Label:SM_Cube7 SpatiallyLoaded:1 Bounds:IsValid=true, Min=(X=2535.397 Y=-580.000 Z=314.105), Max=(X=3347.897 Y=-30.000 Z=364.105) RuntimeGrid:None EditorOnly:0 RuntimeOnly:0 HLODRelevant:1 FolderPath:Playground FolderGuid:C73F09FC4215536B1DCE2A9E0A830C70
 |   |   |- [+] [  9]
 |   |   |   |- Guid:4D3BE93F4146AAAC8BBE79999D96D57F BaseClass: NativeClass:/Script/Engine.VolumetricCloud Name:VolumetricCloud_0 Label:VolumetricCloud SpatiallyLoaded:0 Bounds:IsValid=true, Min=(X=0.000 Y=0.000 Z=820.000), Max=(X=0.000 Y=0.000 Z=820.000) RuntimeGrid:None EditorOnly:0 RuntimeOnly:0 HLODRelevant:0 FolderPath:Lighting FolderGuid:963EC3EB4002CCE9759E2EBA541A873A
 |   |   |- [+] [ 10]
 |   |   |   |- Guid:FB8F93624B55C59832FB778E3F1E0A94 BaseClass:/Game/Blueprints/VERT_Moving_Platform_BP1.VERT_Moving_Platform_BP1_C NativeClass:/Script/Engine.Actor Name:VERT_Moving_Platform_BP1_C_UAID_00BE43BBA6AF496001_1419330387 Label:VERT_Moving_Platform_BP1 SpatiallyLoaded:1 Bounds:IsValid=true, Min=(X=823.941 Y=-349.230 Z=-140.000), Max=(X=923.941 Y=-249.230 Z=-127.500) RuntimeGrid:None EditorOnly:0 RuntimeOnly:0 HLODRelevant:0
 |   |   |- [+] [ 11]
 |   |   |   |- Guid:663AAD2D4912174B01E1E4B71E23DD31 BaseClass: NativeClass:/Script/Engine.StaticMeshActor Name:StaticMeshActor_UAID_00BE43BBA6AF496001_1340037384 Label:SM_Cube2 SpatiallyLoaded:1 Bounds:IsValid=true, Min=(X=-63.416 Y=-580.000 Z=-190.000), Max=(X=199.084 Y=-30.000 Z=-140.000) RuntimeGrid:None EditorOnly:0 RuntimeOnly:0 HLODRelevant:1 FolderPath:Playground FolderGuid:C73F09FC4215536B1DCE2A9E0A830C70
 |   |   |- [+] [ 12]
 |   |   |   |- Guid:6B099CAB4F2D93F899D78ABE61FCF372 BaseClass:/Game/Blueprints/spikes.spikes_C NativeClass:/Script/Engine.Actor Name:spikes_C_UAID_00BE43BBA6AF516001_1557846799 Label:spikes8 SpatiallyLoaded:1 Bounds:IsValid=true, Min=(X=3225.965 Y=-172.807 Z=327.317), Max=(X=3325.965 Y=-72.807 Z=433.693) RuntimeGrid:None EditorOnly:0 RuntimeOnly:0 HLODRelevant:0
 |   |   |- [+] [ 13]
 |   |   |   |- Guid:0732160A424F8EABE25CBD96A0A909C7 BaseClass:/Game/Blueprints/spikes.spikes_C NativeClass:/Script/Engine.Actor Name:spikes_C_UAID_00BE43BBA6AF516001_1560320800 Label:spikes9 SpatiallyLoaded:1 Bounds:IsValid=true, Min=(X=3434.054 Y=-317.003 Z=327.317), Max=(X=3534.054 Y=-217.003 Z=433.693) RuntimeGrid:None EditorOnly:0 RuntimeOnly:0 HLODRelevant:0
 |   |   |- [+] [ 14]
 |   |   |   |- Guid:CCFF262C46EEFFDF319E7F9539CE697E BaseClass: NativeClass:/Script/Engine.SkyAtmosphere Name:SkyAtmosphere_0 Label:SkyAtmosphere SpatiallyLoaded:0 Bounds:IsValid=true, Min=(X=0.000 Y=0.000 Z=1020.000), Max=(X=0.000 Y=0.000 Z=1020.000) RuntimeGrid:None EditorOnly:0 RuntimeOnly:0 HLODRelevant:0 FolderPath:Lighting FolderGuid:963EC3EB4002CCE9759E2EBA541A873A
 |   |   |- [+] [ 15]
 |   |   |   |- Guid:5D7BF6A64CF0871B5AF8E19380284561 BaseClass:/Game/Blueprints/spikes.spikes_C NativeClass:/Script/Engine.Actor Name:spikes_C_UAID_00BE43BBA6AF516001_1552173796 Label:spikes5 SpatiallyLoaded:1 Bounds:IsValid=true, Min=(X=2830.650 Y=-503.464 Z=327.317), Max=(X=2930.650 Y=-403.464 Z=433.693) RuntimeGrid:None EditorOnly:0 RuntimeOnly:0 HLODRelevant:0
 |   |   |- [+] [ 16]
 |   |   |   |- Guid:EC4E0C944CE6AC6E784BC6BB2916EA13 BaseClass: NativeClass:/Script/Engine.StaticMeshActor Name:StaticMeshActor_UAID_A4AE111137DC5EFB00_1110535423 Label:SM_SkySphere SpatiallyLoaded:0 Bounds:IsValid=true, Min=(X=-1638060.000 Y=-1638400.000 Z=-1638400.000), Max=(X=1638740.000 Y=1638400.000 Z=1638400.000) RuntimeGrid:None EditorOnly:0 RuntimeOnly:0 HLODRelevant:1 FolderPath:Lighting FolderGuid:963EC3EB4002CCE9759E2EBA541A873A
 |   |   |- [+] [ 17]
 |   |   |   |- Guid:F8FF135B4744105828D3F5BD5927C37C BaseClass:/Game/Blueprints/spikes.spikes_C NativeClass:/Script/Engine.Actor Name:spikes_C_UAID_00BE43BBA6AF516001_1550084795 Label:spikes4 SpatiallyLoaded:1 Bounds:IsValid=true, Min=(X=2657.764 Y=-351.992 Z=327.317), Max=(X=2757.764 Y=-251.992 Z=433.693) RuntimeGrid:None EditorOnly:0 RuntimeOnly:0 HLODRelevant:0
 |   |   |- [+] [ 18]
 |   |   |   |- Guid:E80FD2834AC8FC11BDE80B82BD1456DD BaseClass: NativeClass:/Script/Engine.StaticMeshActor Name:StaticMeshActor_UAID_00BE43BBA6AF4E6001_1423088273 Label:SM_Cube6 SpatiallyLoaded:1 Bounds:IsValid=true, Min=(X=3603.246 Y=-580.000 Z=314.105), Max=(X=3865.746 Y=-30.000 Z=364.105) RuntimeGrid:None EditorOnly:0 RuntimeOnly:0 HLODRelevant:1 FolderPath:Playground FolderGuid:C73F09FC4215536B1DCE2A9E0A830C70
 |   |   |- [+] [ 19]
 |   |   |   |- Guid:FB70117C4F907C3F34BB5EAF6BABB5CD BaseClass: NativeClass:/Script/Engine.StaticMeshActor Name:StaticMeshActor_UAID_00BE43BBA6AF496001_1424239388 Label:SM_Cube4 SpatiallyLoaded:1 Bounds:IsValid=true, Min=(X=1031.370 Y=-580.000 Z=314.105), Max=(X=1293.870 Y=-30.000 Z=364.105) RuntimeGrid:None EditorOnly:0 RuntimeOnly:0 HLODRelevant:1 FolderPath:Playground FolderGuid:C73F09FC4215536B1DCE2A9E0A830C70
 |   |   |- [+] [ 20]
 |   |   |   |- Guid:B785ED2844B84CFB91E7F39FE661CD99 BaseClass: NativeClass:/Script/Engine.DirectionalLight Name:DirectionalLight_0 Label:DirectionalLight SpatiallyLoaded:0 Bounds:IsValid=true, Min=(X=-1048576.000 Y=-1048576.000 Z=-1048576.000), Max=(X=1048576.000 Y=1048576.000 Z=1048576.000) RuntimeGrid:None EditorOnly:0 RuntimeOnly:0 HLODRelevant:0 FolderPath:Lighting FolderGuid:963EC3EB4002CCE9759E2EBA541A873A
 |   |   |- [+] [ 21]
 |   |   |   |- Guid:316CF2A6494ACA4C0E4180A87D36AB8F BaseClass: NativeClass:/Script/Engine.ExponentialHeightFog Name:ExponentialHeightFog_0 Label:ExponentialHeightFog SpatiallyLoaded:0 Bounds:IsValid=true, Min=(X=-5600.000 Y=-50.000 Z=-6850.000), Max=(X=-5600.000 Y=-50.000 Z=-6850.000) RuntimeGrid:None EditorOnly:0 RuntimeOnly:0 HLODRelevant:0 FolderPath:Lighting FolderGuid:963EC3EB4002CCE9759E2EBA541A873A
 |   |   |- [+] [ 22]
 |   |   |   |- Guid:F1924B8D48954B30891B2DB6A694F9CC BaseClass: NativeClass:/Script/Engine.StaticMeshActor Name:StaticMeshActor_1 Label:SM_Cube SpatiallyLoaded:1 Bounds:IsValid=true, Min=(X=-437.529 Y=-580.000 Z=-190.000), Max=(X=-175.029 Y=-30.000 Z=-140.000) RuntimeGrid:None EditorOnly:0 RuntimeOnly:0 HLODRelevant:1 FolderPath:Playground FolderGuid:C73F09FC4215536B1DCE2A9E0A830C70
 |   |   |- [+] [ 23]
 |   |   |   |- Guid:C6E18B9E46B9F51A85E55E85CCB60BF2 BaseClass: NativeClass:/Script/Engine.StaticMeshActor Name:StaticMeshActor_UAID_00BE43BBA6AF4E6001_1414339272 Label:SM_Cube5 SpatiallyLoaded:1 Bounds:IsValid=true, Min=(X=2005.463 Y=-580.000 Z=314.105), Max=(X=2267.963 Y=-30.000 Z=364.105) RuntimeGrid:None EditorOnly:0 RuntimeOnly:0 HLODRelevant:1 FolderPath:Playground FolderGuid:C73F09FC4215536B1DCE2A9E0A830C70
 |   |   |- [+] [ 24]
 |   |   |   |- Guid:55A1562B42C2229A8D82E1A84669CD5F BaseClass:/Game/Blueprints/winning_info.winning_info_C NativeClass:/Script/Engine.Actor Name:winning_info_C_UAID_00BE43BBA6AF4E6001_1851473275 Label:winning_info SpatiallyLoaded:1 Bounds:IsValid=true, Min=(X=2031.877 Y=-554.826 Z=352.105), Max=(X=2255.877 Y=-32.826 Z=376.105) RuntimeGrid:None EditorOnly:0 RuntimeOnly:0 HLODRelevant:0
 |   |   |- [+] [ 25]
 |   |   |   |- Guid:50D1AA02454DB88AAF640FA4F74D5A5E BaseClass: NativeClass:/Script/Engine.StaticMeshActor Name:StaticMeshActor_UAID_00BE43BBA6AF496001_1351894385 Label:SM_Cube3 SpatiallyLoaded:1 Bounds:IsValid=true, Min=(X=520.774 Y=-580.000 Z=-190.000), Max=(X=783.274 Y=-30.000 Z=-140.000) RuntimeGrid:None EditorOnly:0 RuntimeOnly:0 HLODRelevant:1 FolderPath:Playground FolderGuid:C73F09FC4215536B1DCE2A9E0A830C70
 |   |   |- [+] [ 26]
 |   |   |   |- Guid:50510DA14574A6F0FD1539BA1C191F99 BaseClass:/Game/Blueprints/Winpoint_BP.Winpoint_BP_C NativeClass:/Script/Engine.Actor Name:Winpoint_BP_C_UAID_00BE43BBA6AF4E6001_1432163274 Label:Winpoint_BP SpatiallyLoaded:1 Bounds:IsValid=true, Min=(X=3757.978 Y=-348.483 Z=362.292), Max=(X=3832.978 Y=-273.483 Z=370.292) RuntimeGrid:None EditorOnly:0 RuntimeOnly:0 HLODRelevant:0
 |   |   |- [+] [ 27]
 |   |   |   |- Guid:2FB58999456391D349DC0F86DAC136ED BaseClass: NativeClass:/Script/Engine.SkyLight Name:SkyLight_1 Label:SkyLight SpatiallyLoaded:0 Bounds:IsValid=true, Min=(X=0.000 Y=0.000 Z=690.000), Max=(X=0.000 Y=0.000 Z=690.000) RuntimeGrid:None EditorOnly:0 RuntimeOnly:0 HLODRelevant:0 FolderPath:Lighting FolderGuid:963EC3EB4002CCE9759E2EBA541A873A
 |   |   |- [+] [ 28]
 |   |   |   |- Guid:FD3E074C4258D9E1E2C24CBA2BDCECDE BaseClass:/Game/Blueprints/HZ_Moving_Platform_BP.HZ_Moving_Platform_BP_C NativeClass:/Script/Engine.Actor Name:HZ_Moving_Platform_BP_C_UAID_00BE43BBA6AF4E6001_1409642271 Label:HZ_Moving_Platform_BP SpatiallyLoaded:1 Bounds:IsValid=true, Min=(X=1433.210 Y=-357.283 Z=364.105), Max=(X=1533.210 Y=-257.283 Z=376.605) RuntimeGrid:None EditorOnly:0 RuntimeOnly:0 HLODRelevant:0
 |   |   |- [+] [ 29]
 |   |   |   |- Guid:104AD6864782B939437F29BBE294BDD1 BaseClass:/Game/Blueprints/spikes.spikes_C NativeClass:/Script/Engine.Actor Name:spikes_C_UAID_00BE43BBA6AF516001_1555791798 Label:spikes7 SpatiallyLoaded:1 Bounds:IsValid=true, Min=(X=3094.414 Y=-474.725 Z=327.317), Max=(X=3194.414 Y=-374.725 Z=433.693) RuntimeGrid:None EditorOnly:0 RuntimeOnly:0 HLODRelevant:0
 |   |   |- [+] [ 30]
 |   |   |   |- Guid:5941F2EC412E5B23E77B51BAA1D67797 BaseClass:/Game/Blueprints/Checkpoint_BP.Checkpoint_BP_C NativeClass:/Script/Engine.Actor Name:Checkpoint_BP_C_UAID_00BE43BBA6AF496001_1380170386 Label:Checkpoint_BP SpatiallyLoaded:1 Bounds:IsValid=true, Min=(X=606.205 Y=-341.521 Z=-142.083), Max=(X=681.205 Y=-266.521 Z=-134.083) RuntimeGrid:None EditorOnly:0 RuntimeOnly:0 HLODRelevant:0
 |   |   |- [+] [ 31]
 |   |   |   |- Guid:3A00AA1C422CE54C0BDB60BAF471BFBB BaseClass: NativeClass:/Script/Engine.PlayerStart Name:PlayerStart_0 Label:PlayerStart SpatiallyLoaded:0 Bounds:IsValid=true, Min=(X=-340.352 Y=-356.104 Z=-127.892), Max=(X=-260.352 Y=-276.104 Z=56.108) RuntimeGrid:None EditorOnly:0 RuntimeOnly:0 HLODRelevant:0
 |   |   |- [+] [ 32]
 |   |   |   |- Guid:243DAEC84E2B301473B55BB745C28243 BaseClass:/Game/Blueprints/Checkpoint_BP.Checkpoint_BP_C NativeClass:/Script/Engine.Actor Name:Checkpoint_BP_C_UAID_00BE43BBA6AF516001_1608159801 Label:Checkpoint_BP2 SpatiallyLoaded:1 Bounds:IsValid=true, Min=(X=1140.474 Y=-335.720 Z=362.861), Max=(X=1215.474 Y=-260.720 Z=370.861) RuntimeGrid:None EditorOnly:0 RuntimeOnly:0 HLODRelevant:0
 |- ContainerInstances:
 |- [+] MainContainer:
 |   |-        ID: 0x0000000000000000
 |   |-    Bounds: IsValid=false, Min=(X=0.000 Y=0.000 Z=0.000), Max=(X=0.000 Y=0.000 Z=0.000)
 |   |- Transform: 0.000000,0.000000,0.000000|0.000000,0.000000,-0.000000|1.000000,1.000000,1.000000
 |   |- Container: /Game/ThirdPerson/Maps/ThirdPersonMap
----------------------------------------------------------------------------------------------------------------
ThirdPersonMap - Persistent Level
----------------------------------------------------------------------------------------------------------------
Always loaded Actor Count: 40 

----------------------------------------------------------------------------------------------------------------
ThirdPersonMap - Runtime Spatial Hash - Streaming Grid - MainGrid
----------------------------------------------------------------------------------------------------------------
            Origin: X=0.000 Y=0.000 Z=0.000
         Cell Size: 12800
      World Bounds: IsValid=false, Min=(X=0.000 Y=0.000 Z=0.000), Max=(X=0.000 Y=0.000 Z=0.000)
     Loading Range: 25600.00
Block Slow Loading: No
 ClientOnlyVisible: No

[+] Grid Levels: 1
 |- Level  0: Cell Count    0 | Cell Size   12800 | Actor Count    0 (0.0%)

[+] Content of Grid Level 0

